<?xml version="1.0" encoding="UTF-8"?>
<!-- Generated by org.testng.reporters.JUnitXMLReporter -->
<testsuite ignored="0" hostname="LAPTOP-4V1GS4F9" failures="0" tests="4" name="Test" time="0.185" errors="0" timestamp="2022-06-15T12:11:23 IST">
  <testcase classname="jenkins.Test1" name="first" time="0.035"/>
  <testcase classname="jenkins.Test3" name="three" time="0.005"/>
  <testcase classname="jenkins.Test2" name="second" time="0.005"/>
  <testcase classname="jenkins.Test4" name="four" time="0.005"/>
</testsuite> <!-- Test -->
